Exporting package to 'U:\CSIROSubversion2\xmml\GGIC\branches\EarthResourceML_Portrayal\EarthResourceML_Portrayal_draft.xml'
Retrieving data for export: diagram elements
Retrieving data for export: links
Retrieving data for export: constraints
Retrieving data for export: attribute tagged values
Retrieving data for export: operation tagged values
Retrieving data for export: operation parameter tagged values
Retrieving data for export: connector tagged values
Completed data retrieval
Pre-processing export tree...
Completed pre-processing
Processing package: EarthResourcePortrayal
Element:0: EarthResourcePortrayal
Element:1: MiningActivityPortrayal
Element:2: EarthResourcePortrayal
Element:3: MinePortrayal
Diagram: EarthResourcePortrayal
Adding State-Tables
Formatting output XML...please wait
XMI Document Export Complete!
